<?xml version="1.0" encoding="UTF-8"?>
<!-- Generated by org.testng.reporters.JUnitXMLReporter -->
<testsuite hostname="HOME" failures="0" tests="4" name="Surefire test" time="0.053" errors="0" timestamp="25 Nov 2023 04:41:52 GMT">
  <testcase classname="org.test.insureme.AppTest" name="testMethodThree on testMethodThree(org.test.insureme.AppTest)" time="0.006"/>
  <testcase classname="org.test.insureme.AppTest" name="shouldAnswerWithTrue on shouldAnswerWithTrue(org.test.insureme.AppTest)" time="0.0"/>
  <testcase classname="org.test.insureme.AppTest" name="testMethodOne on testMethodOne(org.test.insureme.AppTest)" time="0.0"/>
  <testcase classname="org.test.insureme.AppTest" name="testMethodTwo on testMethodTwo(org.test.insureme.AppTest)" time="0.001"/>
</testsuite> <!-- Surefire test -->
