<?xml version="1.0" encoding="UTF-8"?>
<testsuite xmlns:xsi="http://www.w3.org/2001/XMLSchema-instance" xsi:noNamespaceSchemaLocation="https://maven.apache.org/surefire/maven-surefire-plugin/xsd/surefire-test-report-3.0.xsd" version="3.0" name="org.test.insureme.AppTest" time="0.392" tests="4" errors="0" skipped="0" failures="0">
  <properties>
[...]
</properties>
  <testcase name="testMethodThree on testMethodThree(org.test.insureme.AppTest)" classname="org.test.insureme.AppTest" time="0.003"/>
  <testcase name="shouldAnswerWithTrue on shouldAnswerWithTrue(org.test.insureme.AppTest)" classname="org.test.insureme.AppTest" time="0.0"/>
  <testcase name="testMethodOne on testMethodOne(org.test.insureme.AppTest)" classname="org.test.insureme.AppTest" time="0.0"/>
  <testcase name="testMethodTwo on testMethodTwo(org.test.insureme.AppTest)" classname="org.test.insureme.AppTest" time="0.0"/>
</testsuite>